Vector Object: 1 MPI processes
  type: seq
100
100
100
100
100
100
100
100
100
95.1935
94.7108
93.4875
95.0897
95.74
95.0897
93.4875
94.7108
95.1935
83.5572
82.1448
78.6363
83.2355
85.177
83.2355
78.6363
82.1448
83.5572
69.5817
67.3558
61.955
68.9532
72.0639
68.9532
61.955
67.3558
69.5817
55.7808
52.9993
46.3916
54.7635
58.6626
54.7635
46.3916
52.9993
55.7808
43.0339
39.9884
32.7974
41.6145
45.8292
41.6145
32.7974
39.9884
43.0339
31.4283
28.5188
21.5544
29.7494
33.6701
29.7494
21.5544
28.5188
31.4283
20.6373
18.5558
13.4395
19.2052
21.9054
19.2052
13.4395
18.5558
20.6373
10
10
10
10
10
10
10
10
10
