  -4.4163393205933948e-01
  -3.7040069885772225e-01
  -1.6580772038855757e-01
   1.4339468663882271e-01
   4.9999999997054967e-01
   8.5660531329966960e-01
   1.1658077203176722e+00
   1.3704006987662931e+00
   1.4416339319329503e+00
  -4.5270497559527922e-01
  -3.8121004815306492e-01
  -1.8485496980480359e-01
   1.2566685970844035e-01
   4.9999999997071432e-01
   8.7433314023033959e-01
   1.1848549697349859e+00
   1.3812100480649823e+00
   1.4527049754743782e+00
  -5.3992225239805802e-01
  -4.7213289940287212e-01
  -2.9706905165085623e-01
   6.0734985891583083e-02
   4.9999999997198197e-01
   9.3926501405068574e-01
   1.2970690515896872e+00
   1.4721328993280787e+00
   1.5399222523016933e+00
  -7.6363708287831544e-01
  -7.0383685478903935e-01
  -5.5603061999138337e-01
  -6.8532533441349866e-02
   4.9999999997483235e-01
   1.0685325333914237e+00
   1.5560306199451719e+00
   1.7038368547344338e+00
   1.7636370828146986e+00
  -1.1365120402455289e+00
  -1.0867052599458127e+00
  -9.6639788865045839e-01
  -2.6834694560889988e-01
   4.9999999997850431e-01
   1.2683469455685876e+00
   1.9663978886187827e+00
   2.0867052599106399e+00
   2.1365120402113611e+00
  -1.6530414253722037e+00
  -1.6139468060701632e+00
  -1.5207868566667255e+00
  -5.3932016804670113e-01
   4.9999999998205297e-01
   1.5393201680152497e+00
   2.5207868566460356e+00
   2.6139468060500457e+00
   2.6530414253608501e+00
  -2.3059802914033076e+00
  -2.2782360122892400e+00
  -2.2135238229321255e+00
  -8.8042394606180241e-01
   4.9999999998487243e-01
   1.8804239460372687e+00
   3.2135238229190497e+00
   3.2782360122790477e+00
   3.3059802914070433e+00
  -3.0897106402481294e+00
  -3.0745847422354333e+00
  -3.0407513075073265e+00
  -1.2909861011684012e+00
   4.9999999998666267e-01
   2.2909861011487678e+00
   4.0407513075004182e+00
   4.0745847422309067e+00
   4.0897106402572074e+00
  -4.0000000000000000e+00
  -4.0000000000000000e+00
  -4.0000000000000000e+00
  -1.7716573561621336e+00
   4.9999999998725536e-01
   2.7716573561458686e+00
   5.0000000000000000e+00
   5.0000000000000000e+00
   5.0000000000000000e+00
